Traceback (most recent call last):
  File "/home/gabriel/QC/Quantum-Computing/AWS/Gabriel/GroundState5/task.py", line 98, in <module>
    sv1 = provider.get_backend("SV1")
          ^^^^^^^^^^^^^^^^^^^^^^^^^^^
  File "/home/gabriel/miniconda3/envs/aws_braket/lib/python3.12/site-packages/qiskit/providers/provider.py", line 51, in get_backend
    backends = self.backends(name, **kwargs)
               ^^^^^^^^^^^^^^^^^^^^^^^^^^^^^
  File "/home/gabriel/miniconda3/envs/aws_braket/lib/python3.12/site-packages/qiskit_braket_provider/providers/braket_provider.py", line 39, in backends
    devices = AwsDevice.get_devices(names=names, **kwargs)
              ^^^^^^^^^^^^^^^^^^^^^^^^^^^^^^^^^^^^^^^^^^^^
  File "/home/gabriel/miniconda3/envs/aws_braket/lib/python3.12/site-packages/braket/aws/aws_device.py", line 625, in get_devices
    aws_session = aws_session or AwsSession()
                                 ^^^^^^^^^^^^
  File "/home/gabriel/miniconda3/envs/aws_braket/lib/python3.12/site-packages/braket/aws/aws_session.py", line 86, in __init__
    self.braket_client = self.boto_session.client(
                         ^^^^^^^^^^^^^^^^^^^^^^^^^
  File "/home/gabriel/miniconda3/envs/aws_braket/lib/python3.12/site-packages/boto3/session.py", line 299, in client
    return self._session.create_client(
           ^^^^^^^^^^^^^^^^^^^^^^^^^^^^
  File "/home/gabriel/miniconda3/envs/aws_braket/lib/python3.12/site-packages/botocore/session.py", line 997, in create_client
    client = client_creator.create_client(
             ^^^^^^^^^^^^^^^^^^^^^^^^^^^^^
  File "/home/gabriel/miniconda3/envs/aws_braket/lib/python3.12/site-packages/botocore/client.py", line 161, in create_client
    client_args = self._get_client_args(
                  ^^^^^^^^^^^^^^^^^^^^^^
  File "/home/gabriel/miniconda3/envs/aws_braket/lib/python3.12/site-packages/botocore/client.py", line 520, in _get_client_args
    return args_creator.get_client_args(
           ^^^^^^^^^^^^^^^^^^^^^^^^^^^^^
  File "/home/gabriel/miniconda3/envs/aws_braket/lib/python3.12/site-packages/botocore/args.py", line 100, in get_client_args
    final_args = self.compute_client_args(
                 ^^^^^^^^^^^^^^^^^^^^^^^^^
  File "/home/gabriel/miniconda3/envs/aws_braket/lib/python3.12/site-packages/botocore/args.py", line 219, in compute_client_args
    endpoint_config = self._compute_endpoint_config(
                      ^^^^^^^^^^^^^^^^^^^^^^^^^^^^^^
  File "/home/gabriel/miniconda3/envs/aws_braket/lib/python3.12/site-packages/botocore/args.py", line 369, in _compute_endpoint_config
    return self._resolve_endpoint(**resolve_endpoint_kwargs)
           ^^^^^^^^^^^^^^^^^^^^^^^^^^^^^^^^^^^^^^^^^^^^^^^^^
  File "/home/gabriel/miniconda3/envs/aws_braket/lib/python3.12/site-packages/botocore/args.py", line 474, in _resolve_endpoint
    return endpoint_bridge.resolve(
           ^^^^^^^^^^^^^^^^^^^^^^^^
  File "/home/gabriel/miniconda3/envs/aws_braket/lib/python3.12/site-packages/botocore/client.py", line 625, in resolve
    resolved = self.endpoint_resolver.construct_endpoint(
               ^^^^^^^^^^^^^^^^^^^^^^^^^^^^^^^^^^^^^^^^^^
  File "/home/gabriel/miniconda3/envs/aws_braket/lib/python3.12/site-packages/botocore/regions.py", line 229, in construct_endpoint
    result = self._endpoint_for_partition(
             ^^^^^^^^^^^^^^^^^^^^^^^^^^^^^
  File "/home/gabriel/miniconda3/envs/aws_braket/lib/python3.12/site-packages/botocore/regions.py", line 277, in _endpoint_for_partition
    raise NoRegionError()
botocore.exceptions.NoRegionError: You must specify a region.
